builds/android-build/app/build/outputs/mapping/release/usage.txt
fi.arwi.twa.R$drawable
fi.arwi.twa.R$style
fi.arwi.twa.R$string
fi.arwi.twa.R$integer
fi.arwi.twa.R
fi.arwi.twa.R$dimen
fi.arwi.twa.R$bool
fi.arwi.twa.R$mipmap
fi.arwi.twa.R$styleable
fi.arwi.twa.R$color
fi.arwi.twa.BuildConfig
fi.arwi.twa.R$raw
fi.arwi.twa.R$attr
fi.arwi.twa.R$xml
fi.arwi.twa.R$id
fi.arwi.twa.R$layout
...
com.google.androidbrowserhelper.trusted.NotificationDelegationExtraCommandHandler:
    static final java.lang.String COMMAND_CHECK_NOTIFICATION_PERMISSION
    private static final java.lang.String COMMAND_GET_NOTIFICATION_PERMISSION_REQUEST_PENDING_INTENT
    private static final java.lang.String KEY_NOTIFICATION_CHANNEL_NAME
    private static final java.lang.String KEY_NOTIFICATION_PERMISSION_REQUEST_PENDING_INTENT
androidx.browser.browseractions.BrowserActionsFallbackMenuUi$1
androidx.core.os.HandlerCompat
androidx.core.provider.FontsContractCompat$4$4
androidx.annotation.DimenRes
androidx.arch.core.internal.SafeIterableMap$AscendingIterator
androidx.core.app.NotificationCompat$MessagingStyle
androidx.core.app.NotificationManagerCompat$SideChannelManager
androidx.browser.customtabs.PostMessageServiceConnection
androidx.concurrent.futures.CallbackToFutureAdapter$SafeFuture
androidx.annotation.FloatRange
androidx.browser.trusted.TrustedWebActivityServiceConnection:
    void <init>(android.support.customtabs.trusted.ITrustedWebActivityService,android.content.ComponentName)
    private static android.support.customtabs.trusted.ITrustedWebActivityCallback wrapCallback(androidx.browser.trusted.TrustedWebActivityCallback)
    public boolean areNotificationsEnabled(java.lang.String)
    public boolean notify(java.lang.String,int,android.app.Notification,java.lang.String)
    public void cancel(java.lang.String,int)
    public android.os.Parcelable[] getActiveNotifications()
    public int getSmallIconId()
    public android.graphics.Bitmap getSmallIconBitmap()
    public android.content.ComponentName getComponentName()
    public android.os.Bundle sendExtraCommand(java.lang.String,android.os.Bundle,androidx.browser.trusted.TrustedWebActivityCallback)
    private final android.support.customtabs.trusted.ITrustedWebActivityService mService
    private final android.content.ComponentName mComponentName
    private static final java.lang.String KEY_PLATFORM_TAG
    private static final java.lang.String KEY_PLATFORM_ID
    private static final java.lang.String KEY_NOTIFICATION
    private static final java.lang.String KEY_CHANNEL_NAME
    private static final java.lang.String KEY_ACTIVE_NOTIFICATIONS
    private static final java.lang.String KEY_NOTIFICATION_SUCCESS
androidx.core.app.DialogCompat
android.support.customtabs.ICustomTabsService$Stub:
    public void <init>()
    public static boolean setDefaultImpl(android.support.customtabs.ICustomTabsService)
    public android.os.IBinder asBinder()
    public boolean onTransact(int,android.os.Parcel,android.os.Parcel,int)
    private static final java.lang.String DESCRIPTOR
    static final int TRANSACTION_warmup
    static final int TRANSACTION_newSession
    static final int TRANSACTION_newSessionWithExtras
    static final int TRANSACTION_mayLaunchUrl
    static final int TRANSACTION_extraCommand
    static final int TRANSACTION_updateVisuals
    static final int TRANSACTION_requestPostMessageChannel
    static final int TRANSACTION_requestPostMessageChannelWithExtras
    static final int TRANSACTION_postMessage
    static final int TRANSACTION_validateRelationship
    static final int TRANSACTION_receiveFile
androidx.core.view.MenuItemCompat$1
androidx.core.view.ViewPropertyAnimatorCompat
androidx.core.content.res.ComplexColorCompat
androidx.browser.browseractions.BrowserActionsIntent$Builder
com.google.androidbrowserhelper.trusted.PermissionStatus
androidx.core.view.accessibility.AccessibilityClickableSpanCompat
android.support.customtabs.ICustomTabsCallback$Stub$Proxy
androidx.core.view.ViewCompat$4
androidx.arch.core.internal.FastSafeIterableMap
androidx.core.provider.FontsContractCompat$2
androidx.core.content.pm.PackageInfoCompat
androidx.annotation.CheckResult
androidx.browser.customtabs.PostMessageService
androidx.core.graphics.drawable.WrappedDrawableApi21:
    private static final java.lang.String TAG
androidx.core.app.ActivityManagerCompat